<?xml version="1.0" encoding="UTF-8"?>
<!-- Generated by org.testng.reporters.JUnitReportReporter -->
<testsuite hostname="DESKTOP-KO5JRFN" failures="0" tests="1" name="Rest_API_GitHub.GetRequest" time="3.546" errors="0" timestamp="02 Jun 2023 12:21:25 GMT" skipped="0">
  <testcase classname="Rest_API_GitHub.GetRequest" name="getsingleUser" time="3.546"/>
</testsuite> <!-- Rest_API_GitHub.GetRequest -->
