<?xml version="1.0" encoding="UTF-8"?>
<!-- Generated by org.testng.reporters.JUnitReportReporter -->
<testsuite hostname="DESKTOP-KO5JRFN" failures="0" tests="1" name="Rest_API_GitHub.PostRequest" time="0.483" errors="0" timestamp="02 Jun 2023 12:21:25 GMT" skipped="0">
  <testcase classname="Rest_API_GitHub.PostRequest" name="createUser" time="0.483"/>
</testsuite> <!-- Rest_API_GitHub.PostRequest -->
